<?xml version="1.0" encoding="UTF-8"?>
<testng-results skipped="0" failed="0" total="2" passed="2">
  <reporter-output>
  </reporter-output>
  <suite name="Default suite" duration-ms="13990" started-at="2019-09-18T08:25:05Z" finished-at="2019-09-18T08:25:19Z">
    <groups>
    </groups>
    <test name="Default test" duration-ms="13990" started-at="2019-09-18T08:25:05Z" finished-at="2019-09-18T08:25:19Z">
      <class name="Selenium3.FirstTestNgFile2">
        <test-method status="PASS" signature="test(java.lang.String, java.lang.String)[pri:0, instance:Selenium3.FirstTestNgFile2@2a2d45ba]" name="test" duration-ms="2222" started-at="2019-09-18T13:55:17Z" finished-at="2019-09-18T13:55:19Z">
          <params>
            <param index="0">
              <value>
                <![CDATA[aiswaryab]]>
              </value>
            </param>
            <param index="1">
              <value>
                <![CDATA[Araviya@]]>
              </value>
            </param>
          </params>
          <reporter-output>
          </reporter-output>
        </test-method> <!-- test -->
      </class> <!-- Selenium3.FirstTestNgFile2 -->
      <class name="Selenium3.FirstTestNgFile">
        <test-method status="PASS" signature="launchBrowser()[pri:0, instance:Selenium3.FirstTestNgFile@643b1d11]" name="launchBrowser" is-config="true" duration-ms="5979" started-at="2019-09-18T13:55:05Z" finished-at="2019-09-18T13:55:11Z">
          <reporter-output>
          </reporter-output>
        </test-method> <!-- launchBrowser -->
        <test-method status="PASS" signature="launchBrowser()[pri:0, instance:Selenium3.FirstTestNgFile2@2a2d45ba]" name="launchBrowser" is-config="true" duration-ms="5385" started-at="2019-09-18T13:55:11Z" finished-at="2019-09-18T13:55:17Z">
          <reporter-output>
          </reporter-output>
        </test-method> <!-- launchBrowser -->
        <test-method status="PASS" signature="test(java.lang.String, java.lang.String)[pri:0, instance:Selenium3.FirstTestNgFile@643b1d11]" name="test" duration-ms="2225" started-at="2019-09-18T13:55:17Z" finished-at="2019-09-18T13:55:19Z">
          <params>
            <param index="0">
              <value>
                <![CDATA[aiswaryab]]>
              </value>
            </param>
            <param index="1">
              <value>
                <![CDATA[Araviya@]]>
              </value>
            </param>
          </params>
          <reporter-output>
          </reporter-output>
        </test-method> <!-- test -->
        <test-method status="PASS" signature="afterTest()[pri:0, instance:Selenium3.FirstTestNgFile@643b1d11]" name="afterTest" is-config="true" duration-ms="133" started-at="2019-09-18T13:55:19Z" finished-at="2019-09-18T13:55:19Z">
          <reporter-output>
          </reporter-output>
        </test-method> <!-- afterTest -->
        <test-method status="PASS" signature="afterTest()[pri:0, instance:Selenium3.FirstTestNgFile2@2a2d45ba]" name="afterTest" is-config="true" duration-ms="252" started-at="2019-09-18T13:55:19Z" finished-at="2019-09-18T13:55:19Z">
          <reporter-output>
          </reporter-output>
        </test-method> <!-- afterTest -->
      </class> <!-- Selenium3.FirstTestNgFile -->
    </test> <!-- Default test -->
  </suite> <!-- Default suite -->
</testng-results>
